Build started 4.3.2013 г. 12:12:59 ч..
     1>Project "C:\Users\GSabev\Documents\Visual Studio 2010\Projects\BRake time\BRake time\BRake time.vcxproj" on node 2 (build target(s)).
     1>PrepareForBuild:
         Creating directory "C:\Users\GSabev\Documents\Visual Studio 2010\Projects\BRake time\Release\".
       InitializeBuildStatus:
         Creating "Release\BRake time.unsuccessfulbuild" because "AlwaysCreate" was specified.
       ClCompile:
         C:\Program Files (x86)\Microsoft Visual Studio 10.0\VC\bin\CL.exe /c /Zi /nologo /W3 /WX- /O2 /Oi /Oy- /GL /D _MBCS /Gm- /EHsc /MD /GS /Gy /fp:precise /Zc:wchar_t /Zc:forScope /Fo"Release\\" /Fd"Release\vc100.pdb" /Gd /TP /analyze- /errorReport:prompt main.cpp
         main.cpp
     1>main.cpp(54): warning C4007: 'WinMain' : must be '__stdcall'
     1>main.cpp(103): warning C4996: 'scanf': This function or variable may be unsafe. Consider using scanf_s instead. To disable deprecation, use _CRT_SECURE_NO_WARNINGS. See online help for details.
                 C:\Program Files (x86)\Microsoft Visual Studio 10.0\VC\include\stdio.h(304) : see declaration of 'scanf'
     1>main.cpp(105): warning C4996: 'scanf': This function or variable may be unsafe. Consider using scanf_s instead. To disable deprecation, use _CRT_SECURE_NO_WARNINGS. See online help for details.
                 C:\Program Files (x86)\Microsoft Visual Studio 10.0\VC\include\stdio.h(304) : see declaration of 'scanf'
       Link:
         C:\Program Files (x86)\Microsoft Visual Studio 10.0\VC\bin\link.exe /ERRORREPORT:PROMPT /OUT:"C:\Users\GSabev\Documents\Visual Studio 2010\Projects\BRake time\Release\BRake time.exe" /NOLOGO kernel32.lib user32.lib gdi32.lib winspool.lib comdlg32.lib advapi32.lib shell32.lib ole32.lib oleaut32.lib uuid.lib odbc32.lib odbccp32.lib /MANIFEST /ManifestFile:"Release\BRake time.exe.intermediate.manifest" /MANIFESTUAC:"level='asInvoker' uiAccess='false'" /DEBUG /PDB:"C:\Users\GSabev\Documents\Visual Studio 2010\Projects\BRake time\Release\BRake time.pdb" /OPT:REF /OPT:ICF /LTCG /TLBID:1 /DYNAMICBASE /NXCOMPAT /IMPLIB:"C:\Users\GSabev\Documents\Visual Studio 2010\Projects\BRake time\Release\BRake time.lib" /MACHINE:X86 Release\main.obj
         Generating code
         Finished generating code
         BRake time.vcxproj -> C:\Users\GSabev\Documents\Visual Studio 2010\Projects\BRake time\Release\BRake time.exe
       Manifest:
         C:\Program Files (x86)\Microsoft SDKs\Windows\v7.0A\bin\mt.exe /nologo /verbose /outputresource:"C:\Users\GSabev\Documents\Visual Studio 2010\Projects\BRake time\Release\BRake time.exe;#1" /manifest "Release\BRake time.exe.intermediate.manifest"
       FinalizeBuildStatus:
         Deleting file "Release\BRake time.unsuccessfulbuild".
         Touching "Release\BRake time.lastbuildstate".
     1>Done Building Project "C:\Users\GSabev\Documents\Visual Studio 2010\Projects\BRake time\BRake time\BRake time.vcxproj" (build target(s)).

Build succeeded.

Time Elapsed 00:00:01.58
